2025-10-07 16:28:43,992 - mednlpix.features.vectorization.tfidf_vectorizer - INFO - Initializing TF-IDF Vectorizer with params: {'max_features': 7000, 'ngram_range': (1, 2), 'sublinear_tf': True, 'stop_words': 'english'}
2025-10-07 16:28:43,993 - mednlpix.features.vectorization.tfidf_vectorizer - INFO - Fitting and transforming 1600 documents with TF-IDF...
2025-10-07 16:28:44,161 - mednlpix.features.vectorization.tfidf_vectorizer - INFO - TF-IDF complete. Feature matrix shape: (1600, 7000)
2025-10-07 16:28:44,162 - mednlpix.features.vectorization.tfidf_vectorizer - INFO - Transforming 343 documents using TF-IDF...
2025-10-07 16:47:03,884 - mednlpix.features.vectorization.tfidf_vectorizer - INFO - TFIDFVectorizerWrapper initialized with params: {'max_features': 3000, 'ngram_range': (1, 2), 'sublinear_tf': True, 'stop_words': 'english'}
2025-10-07 16:47:03,889 - mednlpix.features.vectorization.tfidf_vectorizer - INFO - Fitting and transforming 1600 documents with TF-IDF...
2025-10-07 16:47:04,240 - mednlpix.features.vectorization.tfidf_vectorizer - INFO - TF-IDF fit_transform complete. Output shape: (1600, 3000)
2025-10-07 16:49:38,946 - mednlpix.features.vectorization.tfidf_vectorizer - INFO - TFIDFVectorizerWrapper initialized with params: {'max_features': 3000, 'ngram_range': (1, 2), 'sublinear_tf': True, 'stop_words': 'english'}
2025-10-07 16:49:38,951 - mednlpix.features.vectorization.tfidf_vectorizer - INFO - Fitting and transforming 1600 documents with TF-IDF...
2025-10-07 16:49:39,138 - mednlpix.features.vectorization.tfidf_vectorizer - INFO - TF-IDF fit_transform complete. Output shape: (1600, 3000)
2025-10-07 16:49:50,180 - mednlpix.features.vectorization.tfidf_vectorizer - INFO - TFIDFVectorizerWrapper initialized with params: {'max_features': 3000, 'ngram_range': (1, 2), 'sublinear_tf': True, 'stop_words': 'english'}
2025-10-07 16:49:50,187 - mednlpix.features.vectorization.tfidf_vectorizer - INFO - Fitting and transforming 1600 documents with TF-IDF...
2025-10-07 16:49:50,377 - mednlpix.features.vectorization.tfidf_vectorizer - INFO - TF-IDF fit_transform complete. Output shape: (1600, 3000)
2025-10-07 16:49:50,415 - mednlpix.features.vectorization.tfidf_vectorizer - INFO - TF-IDF vectorizer saved successfully to /Users/surelmanda/src/mednlpix/models/vectorizer_tfidf_vectorizer.joblib
2025-10-07 17:03:36,870 - mednlpix.features.vectorization.tfidf_vectorizer - INFO - TFIDFVectorizerWrapper initialized with params: {'max_features': 3000, 'ngram_range': (1, 2), 'sublinear_tf': True, 'stop_words': 'english'}
2025-10-07 17:03:36,873 - mednlpix.features.vectorization.tfidf_vectorizer - INFO - Fitting and transforming 1600 documents with TF-IDF...
2025-10-07 17:03:37,154 - mednlpix.features.vectorization.tfidf_vectorizer - INFO - TF-IDF fit_transform complete. Output shape: (1600, 3000)
2025-10-07 17:03:37,190 - mednlpix.features.vectorization.tfidf_vectorizer - INFO - TF-IDF vectorizer saved successfully to /Users/surelmanda/src/mednlpix/models/vectorizer_tfidf_vectorizer.joblib
2025-10-07 17:07:04,548 - mednlpix.features.vectorization.tfidf_vectorizer - INFO - TFIDFVectorizerWrapper initialized with params: {'max_features': 3000, 'ngram_range': (1, 2), 'sublinear_tf': True, 'stop_words': 'english'}
2025-10-07 17:07:04,568 - mednlpix.features.vectorization.tfidf_vectorizer - INFO - Fitting and transforming 1600 documents with TF-IDF...
2025-10-07 17:07:04,769 - mednlpix.features.vectorization.tfidf_vectorizer - INFO - TF-IDF fit_transform complete. Output shape: (1600, 3000)
2025-10-07 17:07:04,809 - mednlpix.features.vectorization.tfidf_vectorizer - INFO - TF-IDF vectorizer saved successfully to /Users/surelmanda/src/mednlpix/models/vectorizer_tfidf_vectorizer.joblib
2025-10-07 17:07:31,120 - mednlpix.features.vectorization.tfidf_vectorizer - INFO - TFIDFVectorizerWrapper initialized with params: {'max_features': 3000, 'ngram_range': (1, 2), 'sublinear_tf': True, 'stop_words': 'english'}
2025-10-07 17:07:31,129 - mednlpix.features.vectorization.tfidf_vectorizer - INFO - Fitting and transforming 1600 documents with TF-IDF...
2025-10-07 17:07:31,413 - mednlpix.features.vectorization.tfidf_vectorizer - INFO - TF-IDF fit_transform complete. Output shape: (1600, 3000)
2025-10-07 17:07:45,510 - mednlpix.features.vectorization.tfidf_vectorizer - INFO - TFIDFVectorizerWrapper initialized with params: {'max_features': 3000, 'ngram_range': (1, 2), 'sublinear_tf': True, 'stop_words': 'english'}
2025-10-07 17:07:45,523 - mednlpix.features.vectorization.tfidf_vectorizer - INFO - Fitting and transforming 1600 documents with TF-IDF...
2025-10-07 17:07:45,801 - mednlpix.features.vectorization.tfidf_vectorizer - INFO - TF-IDF fit_transform complete. Output shape: (1600, 3000)
2025-10-07 17:07:45,844 - mednlpix.features.vectorization.tfidf_vectorizer - INFO - TF-IDF vectorizer saved successfully to /Users/surelmanda/Data-Science-Projects/src/mednlpix/models/vectorizer_tfidf_vectorizer.joblib
2025-10-07 17:13:14,377 - mednlpix.features.vectorization.tfidf_vectorizer - INFO - TFIDFVectorizerWrapper initialized with params: {'max_features': 3000, 'ngram_range': (1, 2), 'sublinear_tf': True, 'stop_words': 'english'}
2025-10-07 17:13:14,386 - mednlpix.features.vectorization.tfidf_vectorizer - INFO - Fitting and transforming 1600 documents with TF-IDF...
2025-10-07 17:13:14,576 - mednlpix.features.vectorization.tfidf_vectorizer - INFO - TF-IDF fit_transform complete. Output shape: (1600, 3000)
2025-10-07 17:13:14,615 - mednlpix.features.vectorization.tfidf_vectorizer - INFO - TF-IDF vectorizer saved successfully to /Users/surelmanda/Data-Science-Projects/src/mednlpix/models/vectorizer_tfidf_vectorizer.joblib
2025-10-07 17:13:51,085 - mednlpix.features.vectorization.tfidf_vectorizer - INFO - TFIDFVectorizerWrapper initialized with params: {'max_features': 3000, 'ngram_range': (1, 2), 'sublinear_tf': True, 'stop_words': 'english'}
2025-10-07 17:13:51,088 - mednlpix.features.vectorization.tfidf_vectorizer - INFO - Fitting and transforming 1600 documents with TF-IDF...
2025-10-07 17:13:51,268 - mednlpix.features.vectorization.tfidf_vectorizer - INFO - TF-IDF fit_transform complete. Output shape: (1600, 3000)
2025-10-07 17:13:51,306 - mednlpix.features.vectorization.tfidf_vectorizer - INFO - TF-IDF vectorizer saved successfully to /Users/surelmanda/Data-Science-Projects/src/mednlpix/models/vectorizer_tfidf_vectorizer.joblib
2025-10-07 17:14:57,787 - mednlpix.features.vectorization.tfidf_vectorizer - INFO - TFIDFVectorizerWrapper initialized with params: {'max_features': 3000, 'ngram_range': (1, 2), 'sublinear_tf': True, 'stop_words': 'english'}
2025-10-07 17:14:57,794 - mednlpix.features.vectorization.tfidf_vectorizer - INFO - Fitting and transforming 1600 documents with TF-IDF...
2025-10-07 17:14:58,061 - mednlpix.features.vectorization.tfidf_vectorizer - INFO - TF-IDF fit_transform complete. Output shape: (1600, 3000)
2025-10-07 17:14:58,099 - mednlpix.features.vectorization.tfidf_vectorizer - INFO - TF-IDF vectorizer saved successfully to /Users/surelmanda/Data-Science-Projects/MedNLPix/src/mednlpix/models/vectorizer_tfidf_vectorizer.joblib
2025-10-07 17:22:30,200 - mednlpix.features.vectorization.tfidf_vectorizer - INFO - TFIDFVectorizerWrapper initialized with params: {'max_features': 3000, 'ngram_range': (1, 2), 'sublinear_tf': True, 'stop_words': 'english'}
2025-10-07 17:22:30,202 - mednlpix.features.vectorization.tfidf_vectorizer - INFO - Fitting and transforming 1600 documents with TF-IDF...
2025-10-07 17:22:30,499 - mednlpix.features.vectorization.tfidf_vectorizer - INFO - TF-IDF fit_transform complete. Output shape: (1600, 3000)
2025-10-07 17:22:30,534 - mednlpix.features.vectorization.tfidf_vectorizer - INFO - TF-IDF vectorizer saved successfully to /Users/surelmanda/Data-Science-Projects/MedNLPix/src/mednlpix/models/vectorizer_tfidf_vectorizer.joblib
2025-10-07 17:23:16,277 - mednlpix.features.vectorization.tfidf_vectorizer - INFO - TFIDFVectorizerWrapper initialized with params: {'max_features': 3000, 'ngram_range': (1, 2), 'sublinear_tf': True, 'stop_words': 'english'}
2025-10-07 17:23:16,281 - mednlpix.features.vectorization.tfidf_vectorizer - INFO - Fitting and transforming 1600 documents with TF-IDF...
2025-10-07 17:23:16,515 - mednlpix.features.vectorization.tfidf_vectorizer - INFO - TF-IDF fit_transform complete. Output shape: (1600, 3000)
2025-10-07 17:23:16,552 - mednlpix.features.vectorization.tfidf_vectorizer - INFO - TF-IDF vectorizer saved successfully to /Users/surelmanda/Data-Science-Projects/MedNLPix/src/mednlpix/models/vectorizer_tfidf_vectorizer.joblib
2025-10-07 17:30:48,790 - mednlpix.features.vectorization.tfidf_vectorizer - INFO - TFIDFVectorizerWrapper initialized with params: {'max_features': 3000, 'ngram_range': (1, 2), 'sublinear_tf': True, 'stop_words': 'english'}
2025-10-07 17:30:48,802 - mednlpix.features.vectorization.tfidf_vectorizer - INFO - Fitting and transforming 1600 documents with TF-IDF...
2025-10-07 17:30:48,996 - mednlpix.features.vectorization.tfidf_vectorizer - INFO - TF-IDF fit_transform complete. Output shape: (1600, 3000)
2025-10-07 17:30:49,034 - mednlpix.features.vectorization.tfidf_vectorizer - INFO - TF-IDF vectorizer saved successfully to /Users/surelmanda/Data-Science-Projects/MedNLPix/src/mednlpix/models/vectorizer_tfidf_vectorizer.joblib
2025-10-07 18:54:15,846 - mednlpix.features.vectorization.tfidf_vectorizer - INFO - TFIDFVectorizerWrapper initialized with params: {'max_features': 3000, 'ngram_range': (1, 2), 'sublinear_tf': True, 'stop_words': 'english'}
2025-10-07 19:03:34,339 - mednlpix.features.vectorization.tfidf_vectorizer - INFO - TFIDFVectorizerWrapper initialized with params: {'max_features': 3000, 'ngram_range': (1, 2), 'sublinear_tf': True, 'stop_words': 'english'}
2025-10-07 19:04:15,508 - mednlpix.features.vectorization.tfidf_vectorizer - INFO - TFIDFVectorizerWrapper initialized with params: {'max_features': 3000, 'ngram_range': (1, 2), 'sublinear_tf': True, 'stop_words': 'english'}
2025-10-07 19:05:28,198 - mednlpix.features.vectorization.tfidf_vectorizer - INFO - TFIDFVectorizerWrapper initialized with params: {'max_features': 3000, 'ngram_range': (1, 2), 'sublinear_tf': True, 'stop_words': 'english'}
2025-10-07 19:05:38,211 - mednlpix.features.vectorization.tfidf_vectorizer - INFO - Fitting and transforming 1600 documents with TF-IDF...
2025-10-07 19:05:38,391 - mednlpix.features.vectorization.tfidf_vectorizer - INFO - TF-IDF fit_transform complete. Output shape: (1600, 3000)
2025-10-07 19:06:38,638 - mednlpix.features.vectorization.tfidf_vectorizer - INFO - TFIDFVectorizerWrapper initialized with params: {'max_features': 3000, 'ngram_range': (1, 2), 'sublinear_tf': True, 'stop_words': 'english'}
2025-10-07 19:06:48,796 - mednlpix.features.vectorization.tfidf_vectorizer - INFO - Fitting and transforming 1600 documents with TF-IDF...
2025-10-07 19:06:48,900 - mednlpix.features.vectorization.tfidf_vectorizer - INFO - TF-IDF fit_transform complete. Output shape: (1600, 3000)
2025-10-07 19:22:48,072 - mednlpix.features.vectorization.tfidf_vectorizer - INFO - TFIDFVectorizerWrapper initialized with params: {'max_features': 3000, 'ngram_range': (1, 2), 'sublinear_tf': True, 'stop_words': 'english'}
2025-10-07 19:22:48,112 - mednlpix.features.vectorization.tfidf_vectorizer - INFO - Fitting and transforming 5 documents with TF-IDF...
2025-10-07 19:22:48,114 - mednlpix.features.vectorization.tfidf_vectorizer - INFO - TF-IDF fit_transform complete. Output shape: (5, 296)
2025-10-07 23:21:40,464 - mednlpix.features.vectorization.tfidf_vectorizer - INFO - TFIDFVectorizerWrapper initialized with params: {'max_features': 3000, 'ngram_range': (1, 2), 'sublinear_tf': True, 'stop_words': 'english'}
2025-10-07 23:21:40,506 - mednlpix.features.vectorization.tfidf_vectorizer - INFO - Fitting and transforming 5 documents with TF-IDF...
2025-10-07 23:21:40,516 - mednlpix.features.vectorization.tfidf_vectorizer - INFO - TF-IDF fit_transform complete. Output shape: (5, 296)
2025-10-07 23:22:50,836 - mednlpix.features.vectorization.tfidf_vectorizer - INFO - TFIDFVectorizerWrapper initialized with params: {'max_features': 3000, 'ngram_range': (1, 2), 'sublinear_tf': True, 'stop_words': 'english'}
2025-10-07 23:22:50,881 - mednlpix.features.vectorization.tfidf_vectorizer - INFO - Fitting and transforming 5 documents with TF-IDF...
2025-10-07 23:22:50,883 - mednlpix.features.vectorization.tfidf_vectorizer - INFO - TF-IDF fit_transform complete. Output shape: (5, 296)
2025-10-07 23:33:19,528 - mednlpix.features.vectorization.tfidf_vectorizer - INFO - TFIDFVectorizerWrapper initialized with params: {'max_features': 3000, 'ngram_range': (1, 2), 'sublinear_tf': True, 'stop_words': 'english'}
2025-10-07 23:33:19,598 - mednlpix.features.vectorization.tfidf_vectorizer - INFO - Fitting and transforming 5 documents with TF-IDF...
2025-10-07 23:33:19,606 - mednlpix.features.vectorization.tfidf_vectorizer - INFO - TF-IDF fit_transform complete. Output shape: (5, 296)
2025-10-07 23:33:33,267 - mednlpix.features.vectorization.tfidf_vectorizer - INFO - TFIDFVectorizerWrapper initialized with params: {'max_features': 3000, 'ngram_range': (1, 2), 'sublinear_tf': True, 'stop_words': 'english'}
2025-10-07 23:33:33,312 - mednlpix.features.vectorization.tfidf_vectorizer - INFO - Fitting and transforming 5 documents with TF-IDF...
2025-10-07 23:33:33,314 - mednlpix.features.vectorization.tfidf_vectorizer - INFO - TF-IDF fit_transform complete. Output shape: (5, 296)
2025-10-07 23:33:57,909 - mednlpix.features.vectorization.tfidf_vectorizer - INFO - TFIDFVectorizerWrapper initialized with params: {'max_features': 3000, 'ngram_range': (1, 2), 'sublinear_tf': True, 'stop_words': 'english'}
2025-10-07 23:33:57,952 - mednlpix.features.vectorization.tfidf_vectorizer - INFO - Fitting and transforming 5 documents with TF-IDF...
2025-10-07 23:33:57,954 - mednlpix.features.vectorization.tfidf_vectorizer - INFO - TF-IDF fit_transform complete. Output shape: (5, 296)
2025-10-07 23:34:12,034 - mednlpix.features.vectorization.tfidf_vectorizer - INFO - TFIDFVectorizerWrapper initialized with params: {'max_features': 3000, 'ngram_range': (1, 2), 'sublinear_tf': True, 'stop_words': 'english'}
2025-10-07 23:34:12,084 - mednlpix.features.vectorization.tfidf_vectorizer - INFO - Fitting and transforming 5 documents with TF-IDF...
2025-10-07 23:34:12,087 - mednlpix.features.vectorization.tfidf_vectorizer - INFO - TF-IDF fit_transform complete. Output shape: (5, 296)
2025-10-07 23:44:09,817 - mednlpix.features.vectorization.tfidf_vectorizer - INFO - TFIDFVectorizerWrapper initialized with params: {'max_features': 3000, 'ngram_range': (1, 2), 'sublinear_tf': True, 'stop_words': 'english'}
2025-10-07 23:44:20,608 - mednlpix.features.vectorization.tfidf_vectorizer - INFO - Fitting and transforming 1600 documents with TF-IDF...
2025-10-07 23:44:20,726 - mednlpix.features.vectorization.tfidf_vectorizer - INFO - TF-IDF fit_transform complete. Output shape: (1600, 3000)
2025-10-07 23:44:22,966 - mednlpix.features.vectorization.tfidf_vectorizer - INFO - Transforming 343 documents using TF-IDF...
2025-10-07 23:44:22,977 - mednlpix.features.vectorization.tfidf_vectorizer - INFO - TF-IDF transformation complete. Output shape: (343, 3000)
2025-10-07 23:45:35,446 - mednlpix.features.vectorization.tfidf_vectorizer - INFO - TFIDFVectorizerWrapper initialized with params: {'max_features': 3000, 'ngram_range': (1, 2), 'sublinear_tf': True, 'stop_words': 'english'}
2025-10-07 23:45:46,401 - mednlpix.features.vectorization.tfidf_vectorizer - INFO - Fitting and transforming 1600 documents with TF-IDF...
2025-10-07 23:45:46,512 - mednlpix.features.vectorization.tfidf_vectorizer - INFO - TF-IDF fit_transform complete. Output shape: (1600, 3000)
2025-10-07 23:45:48,680 - mednlpix.features.vectorization.tfidf_vectorizer - INFO - Transforming 343 documents using TF-IDF...
2025-10-07 23:45:48,692 - mednlpix.features.vectorization.tfidf_vectorizer - INFO - TF-IDF transformation complete. Output shape: (343, 3000)
2025-10-08 00:30:20,745 - mednlpix.features.vectorization.tfidf_vectorizer - INFO - TFIDFVectorizerWrapper initialized with params: {'max_features': 3000, 'ngram_range': (1, 2), 'sublinear_tf': True, 'stop_words': 'english'}
2025-10-08 00:30:32,009 - mednlpix.features.vectorization.tfidf_vectorizer - INFO - Fitting and transforming 1600 documents with TF-IDF...
2025-10-08 00:30:32,122 - mednlpix.features.vectorization.tfidf_vectorizer - INFO - TF-IDF fit_transform complete. Output shape: (1600, 3000)
2025-10-08 00:30:34,210 - mednlpix.features.vectorization.tfidf_vectorizer - INFO - Transforming 343 documents using TF-IDF...
2025-10-08 00:30:34,223 - mednlpix.features.vectorization.tfidf_vectorizer - INFO - TF-IDF transformation complete. Output shape: (343, 3000)
2025-10-08 10:42:08,185 - mednlpix.features.vectorization.tfidf_vectorizer - INFO - TFIDFVectorizerWrapper initialized with params: {'max_features': 3000, 'ngram_range': (1, 2), 'sublinear_tf': True, 'stop_words': 'english'}
2025-10-08 10:42:08,281 - mednlpix.features.vectorization.tfidf_vectorizer - INFO - Fitting and transforming 5 documents with TF-IDF...
2025-10-08 10:42:08,291 - mednlpix.features.vectorization.tfidf_vectorizer - INFO - TF-IDF fit_transform complete. Output shape: (5, 296)
2025-10-08 10:42:20,492 - mednlpix.features.vectorization.tfidf_vectorizer - INFO - TFIDFVectorizerWrapper initialized with params: {'max_features': 3000, 'ngram_range': (1, 2), 'sublinear_tf': True, 'stop_words': 'english'}
2025-10-08 10:42:20,557 - mednlpix.features.vectorization.tfidf_vectorizer - INFO - Fitting and transforming 5 documents with TF-IDF...
2025-10-08 10:42:20,559 - mednlpix.features.vectorization.tfidf_vectorizer - INFO - TF-IDF fit_transform complete. Output shape: (5, 296)
2025-10-08 10:45:52,677 - mednlpix.features.vectorization.tfidf_vectorizer - INFO - TFIDFVectorizerWrapper initialized with params: {'max_features': 3000, 'ngram_range': (1, 2), 'sublinear_tf': True, 'stop_words': 'english'}
2025-10-08 10:45:52,774 - mednlpix.features.vectorization.tfidf_vectorizer - INFO - Fitting and transforming 5 documents with TF-IDF...
2025-10-08 10:45:52,781 - mednlpix.features.vectorization.tfidf_vectorizer - INFO - TF-IDF fit_transform complete. Output shape: (5, 296)
2025-10-08 10:46:11,038 - mednlpix.features.vectorization.tfidf_vectorizer - INFO - TFIDFVectorizerWrapper initialized with params: {'max_features': 3000, 'ngram_range': (1, 2), 'sublinear_tf': True, 'stop_words': 'english'}
2025-10-08 10:46:11,110 - mednlpix.features.vectorization.tfidf_vectorizer - INFO - Fitting and transforming 5 documents with TF-IDF...
2025-10-08 10:46:11,113 - mednlpix.features.vectorization.tfidf_vectorizer - INFO - TF-IDF fit_transform complete. Output shape: (5, 296)
2025-10-08 10:51:44,840 - mednlpix.features.vectorization.tfidf_vectorizer - INFO - TFIDFVectorizerWrapper initialized with params: {'max_features': 3000, 'ngram_range': (1, 2), 'sublinear_tf': True, 'stop_words': 'english'}
2025-10-08 10:51:44,930 - mednlpix.features.vectorization.tfidf_vectorizer - INFO - Fitting and transforming 5 documents with TF-IDF...
2025-10-08 10:51:44,938 - mednlpix.features.vectorization.tfidf_vectorizer - INFO - TF-IDF fit_transform complete. Output shape: (5, 296)
2025-10-08 10:57:21,007 - mednlpix.features.vectorization.tfidf_vectorizer - INFO - TFIDFVectorizerWrapper initialized with params: {'max_features': 3000, 'ngram_range': (1, 2), 'sublinear_tf': True, 'stop_words': 'english'}
2025-10-08 10:57:21,080 - mednlpix.features.vectorization.tfidf_vectorizer - INFO - Fitting and transforming 5 documents with TF-IDF...
2025-10-08 10:57:21,084 - mednlpix.features.vectorization.tfidf_vectorizer - INFO - TF-IDF fit_transform complete. Output shape: (5, 296)
2025-10-08 11:09:51,663 - mednlpix.features.vectorization.tfidf_vectorizer - INFO - TFIDFVectorizerWrapper initialized with params: {'max_features': 3000, 'ngram_range': (1, 2), 'sublinear_tf': True, 'stop_words': 'english'}
2025-10-08 11:09:51,767 - mednlpix.features.vectorization.tfidf_vectorizer - INFO - Fitting and transforming 5 documents with TF-IDF...
2025-10-08 11:09:51,777 - mednlpix.features.vectorization.tfidf_vectorizer - INFO - TF-IDF fit_transform complete. Output shape: (5, 296)
2025-10-08 11:10:08,809 - mednlpix.features.vectorization.tfidf_vectorizer - INFO - TFIDFVectorizerWrapper initialized with params: {'max_features': 3000, 'ngram_range': (1, 2), 'sublinear_tf': True, 'stop_words': 'english'}
2025-10-08 11:10:08,876 - mednlpix.features.vectorization.tfidf_vectorizer - INFO - Fitting and transforming 5 documents with TF-IDF...
2025-10-08 11:10:08,878 - mednlpix.features.vectorization.tfidf_vectorizer - INFO - TF-IDF fit_transform complete. Output shape: (5, 296)
2025-10-08 11:10:44,009 - mednlpix.features.vectorization.tfidf_vectorizer - INFO - TFIDFVectorizerWrapper initialized with params: {'max_features': 3000, 'ngram_range': (1, 2), 'sublinear_tf': True, 'stop_words': 'english'}
2025-10-08 11:10:44,072 - mednlpix.features.vectorization.tfidf_vectorizer - INFO - Fitting and transforming 5 documents with TF-IDF...
2025-10-08 11:10:44,075 - mednlpix.features.vectorization.tfidf_vectorizer - INFO - TF-IDF fit_transform complete. Output shape: (5, 296)
2025-10-08 11:13:35,175 - mednlpix.features.vectorization.tfidf_vectorizer - INFO - TFIDFVectorizerWrapper initialized with params: {'max_features': 3000, 'ngram_range': (1, 2), 'sublinear_tf': True, 'stop_words': 'english'}
2025-10-08 11:13:35,246 - mednlpix.features.vectorization.tfidf_vectorizer - INFO - Fitting and transforming 5 documents with TF-IDF...
2025-10-08 11:13:35,249 - mednlpix.features.vectorization.tfidf_vectorizer - INFO - TF-IDF fit_transform complete. Output shape: (5, 296)
2025-10-08 11:14:07,898 - mednlpix.features.vectorization.tfidf_vectorizer - INFO - TFIDFVectorizerWrapper initialized with params: {'max_features': 3000, 'ngram_range': (1, 2), 'sublinear_tf': True, 'stop_words': 'english'}
2025-10-08 11:14:07,960 - mednlpix.features.vectorization.tfidf_vectorizer - INFO - Fitting and transforming 5 documents with TF-IDF...
2025-10-08 11:14:07,962 - mednlpix.features.vectorization.tfidf_vectorizer - INFO - TF-IDF fit_transform complete. Output shape: (5, 296)
2025-10-08 11:14:28,945 - mednlpix.features.vectorization.tfidf_vectorizer - INFO - TFIDFVectorizerWrapper initialized with params: {'max_features': 3000, 'ngram_range': (1, 2), 'sublinear_tf': True, 'stop_words': 'english'}
2025-10-08 11:14:29,007 - mednlpix.features.vectorization.tfidf_vectorizer - INFO - Fitting and transforming 5 documents with TF-IDF...
2025-10-08 11:14:29,010 - mednlpix.features.vectorization.tfidf_vectorizer - INFO - TF-IDF fit_transform complete. Output shape: (5, 296)
2025-10-08 11:15:45,682 - mednlpix.features.vectorization.tfidf_vectorizer - INFO - TFIDFVectorizerWrapper initialized with params: {'max_features': 3000, 'ngram_range': (1, 2), 'sublinear_tf': True, 'stop_words': 'english'}
2025-10-08 11:15:45,749 - mednlpix.features.vectorization.tfidf_vectorizer - INFO - Fitting and transforming 5 documents with TF-IDF...
2025-10-08 11:15:45,752 - mednlpix.features.vectorization.tfidf_vectorizer - INFO - TF-IDF fit_transform complete. Output shape: (5, 296)
2025-10-08 11:19:29,666 - mednlpix.features.vectorization.tfidf_vectorizer - INFO - TFIDFVectorizerWrapper initialized with params: {'max_features': 3000, 'ngram_range': (1, 2), 'sublinear_tf': True, 'stop_words': 'english'}
2025-10-08 11:19:29,741 - mednlpix.features.vectorization.tfidf_vectorizer - INFO - Fitting and transforming 5 documents with TF-IDF...
2025-10-08 11:19:29,745 - mednlpix.features.vectorization.tfidf_vectorizer - INFO - TF-IDF fit_transform complete. Output shape: (5, 296)
2025-10-08 11:28:34,323 - mednlpix.features.vectorization.tfidf_vectorizer - INFO - TFIDFVectorizerWrapper initialized with params: {'max_features': 3000, 'ngram_range': (1, 2), 'sublinear_tf': True, 'stop_words': 'english'}
2025-10-08 11:28:34,387 - mednlpix.features.vectorization.tfidf_vectorizer - INFO - Fitting and transforming 5 documents with TF-IDF...
2025-10-08 11:28:34,392 - mednlpix.features.vectorization.tfidf_vectorizer - INFO - TF-IDF fit_transform complete. Output shape: (5, 296)
2025-10-08 11:28:58,315 - mednlpix.features.vectorization.tfidf_vectorizer - INFO - TFIDFVectorizerWrapper initialized with params: {'max_features': 3000, 'ngram_range': (1, 2), 'sublinear_tf': True, 'stop_words': 'english'}
2025-10-08 11:28:58,380 - mednlpix.features.vectorization.tfidf_vectorizer - INFO - Fitting and transforming 5 documents with TF-IDF...
2025-10-08 11:28:58,383 - mednlpix.features.vectorization.tfidf_vectorizer - INFO - TF-IDF fit_transform complete. Output shape: (5, 296)
2025-10-08 11:29:54,352 - mednlpix.features.vectorization.tfidf_vectorizer - INFO - TFIDFVectorizerWrapper initialized with params: {'max_features': 3000, 'ngram_range': (1, 2), 'sublinear_tf': True, 'stop_words': 'english'}
2025-10-08 11:29:54,424 - mednlpix.features.vectorization.tfidf_vectorizer - INFO - Fitting and transforming 5 documents with TF-IDF...
2025-10-08 11:29:54,433 - mednlpix.features.vectorization.tfidf_vectorizer - INFO - TF-IDF fit_transform complete. Output shape: (5, 296)
2025-10-08 11:30:58,218 - mednlpix.features.vectorization.tfidf_vectorizer - INFO - TFIDFVectorizerWrapper initialized with params: {'max_features': 3000, 'ngram_range': (1, 2), 'sublinear_tf': True, 'stop_words': 'english'}
2025-10-08 11:30:58,286 - mednlpix.features.vectorization.tfidf_vectorizer - INFO - Fitting and transforming 5 documents with TF-IDF...
2025-10-08 11:30:58,290 - mednlpix.features.vectorization.tfidf_vectorizer - INFO - TF-IDF fit_transform complete. Output shape: (5, 296)
2025-10-08 11:32:18,919 - mednlpix.features.vectorization.tfidf_vectorizer - INFO - TFIDFVectorizerWrapper initialized with params: {'max_features': 3000, 'ngram_range': (1, 2), 'sublinear_tf': True, 'stop_words': 'english'}
2025-10-08 11:32:18,988 - mednlpix.features.vectorization.tfidf_vectorizer - INFO - Fitting and transforming 5 documents with TF-IDF...
2025-10-08 11:32:18,991 - mednlpix.features.vectorization.tfidf_vectorizer - INFO - TF-IDF fit_transform complete. Output shape: (5, 296)
2025-10-08 11:34:19,406 - mednlpix.features.vectorization.tfidf_vectorizer - INFO - TFIDFVectorizerWrapper initialized with params: {'max_features': 3000, 'ngram_range': (1, 2), 'sublinear_tf': True, 'stop_words': 'english'}
2025-10-08 11:34:19,479 - mednlpix.features.vectorization.tfidf_vectorizer - INFO - Fitting and transforming 5 documents with TF-IDF...
2025-10-08 11:34:19,482 - mednlpix.features.vectorization.tfidf_vectorizer - INFO - TF-IDF fit_transform complete. Output shape: (5, 296)
2025-10-08 11:36:23,862 - mednlpix.features.vectorization.tfidf_vectorizer - INFO - TFIDFVectorizerWrapper initialized with params: {'max_features': 3000, 'ngram_range': (1, 2), 'sublinear_tf': True, 'stop_words': 'english'}
2025-10-08 11:36:23,932 - mednlpix.features.vectorization.tfidf_vectorizer - INFO - Fitting and transforming 5 documents with TF-IDF...
2025-10-08 11:36:23,937 - mednlpix.features.vectorization.tfidf_vectorizer - INFO - TF-IDF fit_transform complete. Output shape: (5, 296)
2025-10-08 11:46:57,432 - mednlpix.features.vectorization.tfidf_vectorizer - INFO - TFIDFVectorizerWrapper initialized with params: {'max_features': 3000, 'ngram_range': (1, 2), 'sublinear_tf': True, 'stop_words': 'english'}
2025-10-08 11:46:57,499 - mednlpix.features.vectorization.tfidf_vectorizer - INFO - Fitting and transforming 5 documents with TF-IDF...
2025-10-08 11:46:57,504 - mednlpix.features.vectorization.tfidf_vectorizer - INFO - TF-IDF fit_transform complete. Output shape: (5, 296)
2025-10-08 11:48:48,898 - mednlpix.features.vectorization.tfidf_vectorizer - INFO - Transforming 5 documents using TF-IDF...
2025-10-08 11:48:48,902 - mednlpix.features.vectorization.tfidf_vectorizer - INFO - TF-IDF transformation complete. Output shape: (5, 296)
2025-10-08 12:24:10,133 - mednlpix.features.vectorization.tfidf_vectorizer - INFO - TFIDFVectorizerWrapper initialized with params: {'max_features': 3000, 'ngram_range': (1, 2), 'sublinear_tf': True, 'stop_words': 'english'}
2025-10-08 12:24:10,227 - mednlpix.features.vectorization.tfidf_vectorizer - INFO - Fitting and transforming 5 documents with TF-IDF...
2025-10-08 12:24:10,232 - mednlpix.features.vectorization.tfidf_vectorizer - INFO - TF-IDF fit_transform complete. Output shape: (5, 296)
2025-10-08 12:24:14,120 - mednlpix.features.vectorization.tfidf_vectorizer - INFO - Transforming 343 documents using TF-IDF...
2025-10-08 12:24:14,139 - mednlpix.features.vectorization.tfidf_vectorizer - INFO - TF-IDF transformation complete. Output shape: (343, 296)
2025-10-08 12:25:21,305 - mednlpix.features.vectorization.tfidf_vectorizer - INFO - TFIDFVectorizerWrapper initialized with params: {'max_features': 3000, 'ngram_range': (1, 2), 'sublinear_tf': True, 'stop_words': 'english'}
2025-10-08 12:25:38,159 - mednlpix.features.vectorization.tfidf_vectorizer - INFO - Fitting and transforming 1600 documents with TF-IDF...
2025-10-08 12:25:38,333 - mednlpix.features.vectorization.tfidf_vectorizer - INFO - TF-IDF fit_transform complete. Output shape: (1600, 3000)
2025-10-08 12:25:41,768 - mednlpix.features.vectorization.tfidf_vectorizer - INFO - Transforming 343 documents using TF-IDF...
2025-10-08 12:25:41,789 - mednlpix.features.vectorization.tfidf_vectorizer - INFO - TF-IDF transformation complete. Output shape: (343, 3000)
2025-10-08 12:27:54,449 - mednlpix.features.vectorization.tfidf_vectorizer - INFO - TFIDFVectorizerWrapper initialized with params: {'max_features': 3000, 'ngram_range': (1, 2), 'sublinear_tf': True, 'stop_words': 'english'}
2025-10-08 12:28:11,107 - mednlpix.features.vectorization.tfidf_vectorizer - INFO - Fitting and transforming 1600 documents with TF-IDF...
2025-10-08 12:28:11,276 - mednlpix.features.vectorization.tfidf_vectorizer - INFO - TF-IDF fit_transform complete. Output shape: (1600, 3000)
2025-10-08 12:28:14,780 - mednlpix.features.vectorization.tfidf_vectorizer - INFO - Transforming 343 documents using TF-IDF...
2025-10-08 12:28:14,800 - mednlpix.features.vectorization.tfidf_vectorizer - INFO - TF-IDF transformation complete. Output shape: (343, 3000)
2025-10-08 12:53:20,354 - mednlpix.features.vectorization.tfidf_vectorizer - INFO - TFIDFVectorizerWrapper initialized with params: {'max_features': 3000, 'ngram_range': (1, 2), 'sublinear_tf': True, 'stop_words': 'english'}
2025-10-08 12:53:20,423 - mednlpix.features.vectorization.tfidf_vectorizer - INFO - Fitting and transforming 5 documents with TF-IDF...
2025-10-08 12:53:20,428 - mednlpix.features.vectorization.tfidf_vectorizer - INFO - TF-IDF fit_transform complete. Output shape: (5, 296)
2025-10-08 13:01:00,703 - mednlpix.features.vectorization.tfidf_vectorizer - INFO - TFIDFVectorizerWrapper initialized with params: {'max_features': 3000, 'ngram_range': (1, 2), 'sublinear_tf': True, 'stop_words': 'english'}
2025-10-08 13:01:00,770 - mednlpix.features.vectorization.tfidf_vectorizer - INFO - Fitting and transforming 5 documents with TF-IDF...
2025-10-08 13:01:00,774 - mednlpix.features.vectorization.tfidf_vectorizer - INFO - TF-IDF fit_transform complete. Output shape: (5, 296)
2025-10-08 13:42:11,898 - mednlpix.features.vectorization.tfidf_vectorizer - INFO - TFIDFVectorizerWrapper initialized with params: {'max_features': 3000, 'ngram_range': (1, 2), 'sublinear_tf': True, 'stop_words': 'english'}
2025-10-08 13:42:11,985 - mednlpix.features.vectorization.tfidf_vectorizer - INFO - Fitting and transforming 5 documents with TF-IDF...
2025-10-08 13:42:11,993 - mednlpix.features.vectorization.tfidf_vectorizer - INFO - TF-IDF fit_transform complete. Output shape: (5, 296)
2025-10-08 14:14:01,141 - mednlpix.features.vectorization.tfidf_vectorizer - INFO - TFIDFVectorizerWrapper initialized with params: {'max_features': 3000, 'ngram_range': (1, 2), 'sublinear_tf': True, 'stop_words': 'english'}
2025-10-08 14:14:01,230 - mednlpix.features.vectorization.tfidf_vectorizer - INFO - Fitting and transforming 5 documents with TF-IDF...
2025-10-08 14:14:01,236 - mednlpix.features.vectorization.tfidf_vectorizer - INFO - TF-IDF fit_transform complete. Output shape: (5, 296)
