2025-10-07 16:28:57,804 - mednlpix.features.vectorization.word2vec_vectorizer - INFO - Word2VecVectorizer initialized with params: {'vector_size': 200, 'window': 5, 'min_count': 2, 'workers': 4, 'sg': 1}
2025-10-07 16:38:05,919 - mednlpix.features.vectorization.word2vec_vectorizer - INFO - Word2VecVectorizer initialized with parameters: {'vector_size': 200, 'window': 5, 'min_count': 2, 'workers': 4, 'sg': 1, 'epochs': 10}
2025-10-07 16:38:05,920 - mednlpix.features.vectorization.word2vec_vectorizer - INFO - Training Word2Vec model on 1600 documents...
2025-10-07 16:38:08,095 - mednlpix.features.vectorization.word2vec_vectorizer - INFO - Word2Vec model trained successfully. Vocabulary size: 5691 words.
2025-10-07 16:38:08,098 - mednlpix.features.vectorization.word2vec_vectorizer - INFO - Generating averaged embeddings for 1600 documents...
2025-10-07 16:38:08,259 - mednlpix.features.vectorization.word2vec_vectorizer - INFO - Word2Vec transformation complete. Output shape: (1600, 200)
2025-10-07 16:38:08,260 - mednlpix.features.vectorization.word2vec_vectorizer - INFO - Generating averaged embeddings for 343 documents...
2025-10-07 16:38:08,290 - mednlpix.features.vectorization.word2vec_vectorizer - INFO - Word2Vec transformation complete. Output shape: (343, 200)
2025-10-07 17:16:38,887 - mednlpix.features.vectorization.word2vec_vectorizer - INFO - Word2VecVectorizer initialized with parameters: {'vector_size': 150, 'window': 10, 'min_count': 3, 'workers': 4, 'sg': 1, 'epochs': 10}
2025-10-07 17:16:38,947 - mednlpix.features.vectorization.word2vec_vectorizer - INFO - Training Word2Vec model on 1600 documents...
2025-10-07 17:16:42,359 - mednlpix.features.vectorization.word2vec_vectorizer - INFO - Word2Vec model trained successfully. Vocabulary size: 4229 words.
2025-10-07 17:16:42,361 - mednlpix.features.vectorization.word2vec_vectorizer - INFO - Generating averaged embeddings for 1600 documents...
2025-10-07 17:16:42,531 - mednlpix.features.vectorization.word2vec_vectorizer - INFO - Word2Vec transformation complete. Output shape: (1600, 150)
2025-10-07 17:17:03,085 - mednlpix.features.vectorization.word2vec_vectorizer - INFO - Word2VecVectorizer initialized with parameters: {'vector_size': 150, 'window': 10, 'min_count': 3, 'workers': 4, 'sg': 1, 'epochs': 10}
2025-10-07 17:17:03,087 - mednlpix.features.vectorization.word2vec_vectorizer - INFO - Training Word2Vec model on 1600 documents...
2025-10-07 17:17:06,377 - mednlpix.features.vectorization.word2vec_vectorizer - INFO - Word2Vec model trained successfully. Vocabulary size: 4229 words.
2025-10-07 17:17:06,379 - mednlpix.features.vectorization.word2vec_vectorizer - INFO - Generating averaged embeddings for 1600 documents...
2025-10-07 17:17:06,536 - mednlpix.features.vectorization.word2vec_vectorizer - INFO - Word2Vec transformation complete. Output shape: (1600, 150)
2025-10-07 17:23:34,769 - mednlpix.features.vectorization.word2vec_vectorizer - INFO - Word2VecVectorizer initialized with parameters: {'vector_size': 150, 'window': 10, 'min_count': 3, 'workers': 4, 'sg': 1, 'epochs': 10}
2025-10-07 17:23:34,776 - mednlpix.features.vectorization.word2vec_vectorizer - INFO - Training Word2Vec model on 1600 documents...
2025-10-07 17:23:38,186 - mednlpix.features.vectorization.word2vec_vectorizer - INFO - Word2Vec model trained successfully. Vocabulary size: 4229 words.
2025-10-07 17:23:38,188 - mednlpix.features.vectorization.word2vec_vectorizer - INFO - Generating averaged embeddings for 1600 documents...
2025-10-07 17:23:38,343 - mednlpix.features.vectorization.word2vec_vectorizer - INFO - Word2Vec transformation complete. Output shape: (1600, 150)
2025-10-07 17:23:38,350 - mednlpix.features.vectorization.word2vec_vectorizer - INFO - Word2Vec model saved successfully to /Users/surelmanda/Data-Science-Projects/MedNLPix/src/mednlpix/models/word2vec_vectorizer.joblib
2025-10-07 19:05:38,967 - mednlpix.features.vectorization.word2vec_vectorizer - INFO - Word2VecVectorizer initialized with parameters: {'vector_size': 150, 'window': 10, 'min_count': 2, 'workers': 4, 'sg': 1, 'epochs': 10}
2025-10-07 19:06:49,713 - mednlpix.features.vectorization.word2vec_vectorizer - INFO - Word2VecVectorizer initialized with parameters: {'vector_size': 150, 'window': 10, 'min_count': 2, 'workers': 4, 'sg': 1, 'epochs': 10}
2025-10-07 19:07:00,514 - mednlpix.features.vectorization.word2vec_vectorizer - INFO - Training Word2Vec model on 3 documents...
2025-10-07 23:24:09,140 - mednlpix.features.vectorization.word2vec_vectorizer - INFO - Word2VecVectorizer initialized with parameters: {'vector_size': 150, 'window': 10, 'min_count': 2, 'workers': 4, 'sg': 1, 'epochs': 10}
2025-10-07 23:24:09,186 - mednlpix.features.vectorization.word2vec_vectorizer - INFO - Training Word2Vec model on 5 documents...
2025-10-07 23:24:09,199 - mednlpix.features.vectorization.word2vec_vectorizer - INFO - Word2Vec model trained successfully. Vocabulary size: 45 words.
2025-10-07 23:24:09,200 - mednlpix.features.vectorization.word2vec_vectorizer - INFO - Generating averaged embeddings for 5 documents...
2025-10-07 23:24:09,200 - mednlpix.features.vectorization.word2vec_vectorizer - INFO - Word2Vec transformation complete. Output shape: (5, 150)
2025-10-07 23:34:26,119 - mednlpix.features.vectorization.word2vec_vectorizer - INFO - Word2VecVectorizer initialized with parameters: {'vector_size': 150, 'window': 10, 'min_count': 2, 'workers': 4, 'sg': 1, 'epochs': 10}
2025-10-07 23:34:26,160 - mednlpix.features.vectorization.word2vec_vectorizer - INFO - Training Word2Vec model on 5 documents...
2025-10-07 23:34:26,169 - mednlpix.features.vectorization.word2vec_vectorizer - INFO - Word2Vec model trained successfully. Vocabulary size: 45 words.
2025-10-07 23:34:26,169 - mednlpix.features.vectorization.word2vec_vectorizer - INFO - Generating averaged embeddings for 5 documents...
2025-10-07 23:34:26,170 - mednlpix.features.vectorization.word2vec_vectorizer - INFO - Word2Vec transformation complete. Output shape: (5, 150)
2025-10-08 11:34:20,452 - mednlpix.features.vectorization.word2vec_vectorizer - INFO - Word2VecVectorizer initialized with parameters: {'vector_size': 150, 'window': 10, 'min_count': 2, 'workers': 4, 'sg': 1, 'epochs': 10}
2025-10-08 11:34:20,519 - mednlpix.features.vectorization.word2vec_vectorizer - INFO - Training Word2Vec model on 5 documents...
2025-10-08 11:34:20,533 - mednlpix.features.vectorization.word2vec_vectorizer - INFO - Word2Vec model trained successfully. Vocabulary size: 45 words.
2025-10-08 11:34:20,534 - mednlpix.features.vectorization.word2vec_vectorizer - INFO - Generating averaged embeddings for 5 documents...
2025-10-08 11:34:20,535 - mednlpix.features.vectorization.word2vec_vectorizer - INFO - Word2Vec transformation complete. Output shape: (5, 150)
2025-10-08 11:36:24,802 - mednlpix.features.vectorization.word2vec_vectorizer - INFO - Word2VecVectorizer initialized with parameters: {'vector_size': 150, 'window': 10, 'min_count': 2, 'workers': 4, 'sg': 1, 'epochs': 10}
2025-10-08 11:36:24,870 - mednlpix.features.vectorization.word2vec_vectorizer - INFO - Training Word2Vec model on 5 documents...
2025-10-08 11:36:24,878 - mednlpix.features.vectorization.word2vec_vectorizer - INFO - Word2Vec model trained successfully. Vocabulary size: 45 words.
2025-10-08 11:36:24,879 - mednlpix.features.vectorization.word2vec_vectorizer - INFO - Generating averaged embeddings for 5 documents...
2025-10-08 11:36:24,880 - mednlpix.features.vectorization.word2vec_vectorizer - INFO - Word2Vec transformation complete. Output shape: (5, 150)
2025-10-08 11:46:58,340 - mednlpix.features.vectorization.word2vec_vectorizer - INFO - Word2VecVectorizer initialized with parameters: {'vector_size': 150, 'window': 10, 'min_count': 2, 'workers': 4, 'sg': 1, 'epochs': 10}
2025-10-08 11:46:58,404 - mednlpix.features.vectorization.word2vec_vectorizer - INFO - Training Word2Vec model on 5 documents...
2025-10-08 11:46:58,414 - mednlpix.features.vectorization.word2vec_vectorizer - INFO - Word2Vec model trained successfully. Vocabulary size: 45 words.
2025-10-08 11:46:58,415 - mednlpix.features.vectorization.word2vec_vectorizer - INFO - Generating averaged embeddings for 5 documents...
2025-10-08 11:46:58,416 - mednlpix.features.vectorization.word2vec_vectorizer - INFO - Word2Vec transformation complete. Output shape: (5, 150)
2025-10-08 11:52:51,817 - mednlpix.features.vectorization.word2vec_vectorizer - INFO - Generating averaged embeddings for 5 documents...
2025-10-08 11:52:51,819 - mednlpix.features.vectorization.word2vec_vectorizer - INFO - Word2Vec transformation complete. Output shape: (5, 150)
2025-10-08 13:06:33,023 - mednlpix.features.vectorization.word2vec_vectorizer - INFO - Word2VecVectorizer initialized with parameters: {'vector_size': 150, 'window': 10, 'min_count': 2, 'workers': 4, 'sg': 1, 'epochs': 10}
2025-10-08 13:06:33,092 - mednlpix.features.vectorization.word2vec_vectorizer - INFO - Training Word2Vec model on 5 documents...
2025-10-08 13:06:33,108 - mednlpix.features.vectorization.word2vec_vectorizer - INFO - Word2Vec model trained successfully. Vocabulary size: 45 words.
2025-10-08 13:06:33,109 - mednlpix.features.vectorization.word2vec_vectorizer - INFO - Generating averaged embeddings for 5 documents...
2025-10-08 13:06:33,110 - mednlpix.features.vectorization.word2vec_vectorizer - INFO - Word2Vec transformation complete. Output shape: (5, 150)
2025-10-08 13:42:12,901 - mednlpix.features.vectorization.word2vec_vectorizer - INFO - Word2VecVectorizer initialized with parameters: {'vector_size': 150, 'window': 10, 'min_count': 2, 'workers': 4, 'sg': 1, 'epochs': 10}
2025-10-08 13:42:12,978 - mednlpix.features.vectorization.word2vec_vectorizer - INFO - Training Word2Vec model on 5 documents...
2025-10-08 13:42:12,992 - mednlpix.features.vectorization.word2vec_vectorizer - INFO - Word2Vec model trained successfully. Vocabulary size: 45 words.
2025-10-08 13:42:12,992 - mednlpix.features.vectorization.word2vec_vectorizer - INFO - Generating averaged embeddings for 5 documents...
2025-10-08 13:42:12,994 - mednlpix.features.vectorization.word2vec_vectorizer - INFO - Word2Vec transformation complete. Output shape: (5, 150)
2025-10-08 14:14:02,145 - mednlpix.features.vectorization.word2vec_vectorizer - INFO - Word2VecVectorizer initialized with parameters: {'vector_size': 150, 'window': 10, 'min_count': 2, 'workers': 4, 'sg': 1, 'epochs': 10}
2025-10-08 14:14:02,212 - mednlpix.features.vectorization.word2vec_vectorizer - INFO - Training Word2Vec model on 5 documents...
2025-10-08 14:14:02,225 - mednlpix.features.vectorization.word2vec_vectorizer - INFO - Word2Vec model trained successfully. Vocabulary size: 45 words.
2025-10-08 14:14:02,226 - mednlpix.features.vectorization.word2vec_vectorizer - INFO - Generating averaged embeddings for 5 documents...
2025-10-08 14:14:02,227 - mednlpix.features.vectorization.word2vec_vectorizer - INFO - Word2Vec transformation complete. Output shape: (5, 150)
