2025-10-07 14:40:05,342 - mednlpix.features.preprocessing.setup.nltk_setup - INFO - Downloading NLTK resource 'stopwords' to /Users/surelmanda/Data-Science-Projects/MedNLPix/src/mednlpix/features/resources/nltk_data...
2025-10-07 14:40:05,763 - mednlpix.features.preprocessing.setup.nltk_setup - INFO - Downloading NLTK resource 'punkt' to /Users/surelmanda/Data-Science-Projects/MedNLPix/src/mednlpix/features/resources/nltk_data...
2025-10-07 14:40:06,216 - mednlpix.features.preprocessing.setup.nltk_setup - INFO - Downloading NLTK resource 'wordnet' to /Users/surelmanda/Data-Science-Projects/MedNLPix/src/mednlpix/features/resources/nltk_data...
2025-10-07 14:40:06,285 - mednlpix.features.preprocessing.setup.nltk_setup - INFO - NLTK setup complete.
2025-10-07 15:14:41,737 - mednlpix.features.preprocessing.setup.nltk_setup - INFO - NLTK resource 'stopwords' found in /Users/surelmanda/Data-Science-Projects/MedNLPix/src/mednlpix/features/resources/nltk_data
2025-10-07 15:16:10,362 - mednlpix.features.preprocessing.setup.nltk_setup - INFO - Downloading NLTK resource 'stopwords' to /Users/surelmanda/Data-Science-Projects/MedNLPix/src/mednlpix/features/resources/nltk_data...
2025-10-07 15:16:10,549 - mednlpix.features.preprocessing.setup.nltk_setup - INFO - Downloading NLTK resource 'punkt' to /Users/surelmanda/Data-Science-Projects/MedNLPix/src/mednlpix/features/resources/nltk_data...
2025-10-07 15:16:11,211 - mednlpix.features.preprocessing.setup.nltk_setup - INFO - Downloading NLTK resource 'wordnet' to /Users/surelmanda/Data-Science-Projects/MedNLPix/src/mednlpix/features/resources/nltk_data...
2025-10-07 15:16:11,528 - mednlpix.features.preprocessing.setup.nltk_setup - INFO - NLTK setup complete.
2025-10-07 15:20:03,142 - mednlpix.features.preprocessing.setup.nltk_setup - WARNING - Existing NLTK data directory found at /Users/surelmanda/Data-Science-Projects/MedNLPix/src/mednlpix/features/resources/nltk_data. Deleting it...
2025-10-07 15:20:03,172 - mednlpix.features.preprocessing.setup.nltk_setup - INFO - Created fresh NLTK data directory at /Users/surelmanda/Data-Science-Projects/MedNLPix/src/mednlpix/features/resources/nltk_data
2025-10-07 15:20:03,173 - mednlpix.features.preprocessing.setup.nltk_setup - INFO - Downloading NLTK resource 'stopwords' to /Users/surelmanda/Data-Science-Projects/MedNLPix/src/mednlpix/features/resources/nltk_data...
2025-10-07 15:20:03,327 - mednlpix.features.preprocessing.setup.nltk_setup - INFO - Downloading NLTK resource 'punkt' to /Users/surelmanda/Data-Science-Projects/MedNLPix/src/mednlpix/features/resources/nltk_data...
2025-10-07 15:20:03,852 - mednlpix.features.preprocessing.setup.nltk_setup - INFO - Downloading NLTK resource 'wordnet' to /Users/surelmanda/Data-Science-Projects/MedNLPix/src/mednlpix/features/resources/nltk_data...
2025-10-07 15:20:04,157 - mednlpix.features.preprocessing.setup.nltk_setup - INFO - NLTK setup complete.
2025-10-07 15:28:48,477 - mednlpix.features.preprocessing.setup.nltk_setup - WARNING - Existing NLTK data directory found at /Users/surelmanda/Data-Science-Projects/MedNLPix/src/mednlpix/features/resources/nltk_data. Deleting it...
2025-10-07 15:28:48,500 - mednlpix.features.preprocessing.setup.nltk_setup - INFO - Created fresh NLTK data directory at /Users/surelmanda/Data-Science-Projects/MedNLPix/src/mednlpix/features/resources/nltk_data
2025-10-07 15:28:48,500 - mednlpix.features.preprocessing.setup.nltk_setup - INFO - Downloading NLTK resource 'punkt' to /Users/surelmanda/Data-Science-Projects/MedNLPix/src/mednlpix/features/resources/nltk_data...
2025-10-07 15:28:49,162 - mednlpix.features.preprocessing.setup.nltk_setup - INFO - Downloading NLTK resource 'punkt_tab' to /Users/surelmanda/Data-Science-Projects/MedNLPix/src/mednlpix/features/resources/nltk_data...
2025-10-07 15:28:49,389 - mednlpix.features.preprocessing.setup.nltk_setup - INFO - Downloading NLTK resource 'stopwords' to /Users/surelmanda/Data-Science-Projects/MedNLPix/src/mednlpix/features/resources/nltk_data...
2025-10-07 15:28:49,457 - mednlpix.features.preprocessing.setup.nltk_setup - INFO - Downloading NLTK resource 'wordnet' to /Users/surelmanda/Data-Science-Projects/MedNLPix/src/mednlpix/features/resources/nltk_data...
2025-10-07 15:28:49,724 - mednlpix.features.preprocessing.setup.nltk_setup - INFO - Downloading NLTK resource 'omw-1.4' to /Users/surelmanda/Data-Science-Projects/MedNLPix/src/mednlpix/features/resources/nltk_data...
2025-10-07 15:28:50,234 - mednlpix.features.preprocessing.setup.nltk_setup - INFO - All NLTK resources downloaded successfully.
